Base path: /opt/Unity3D/Editor/Data
Cmd: initializeCompiler
Cmd: compileComputeKernel
  api=18 insize=2059 outsize=1233 ok=1
Cmd: compileComputeKernel
  api=18 insize=1176 outsize=3069 ok=1
Cmd: compileComputeKernel
  api=15 insize=2780 outsize=83401 ok=1
Cmd: compileComputeKernel
  api=15 insize=10881 outsize=21869 ok=1
Cmd: compileComputeKernel
  api=15 insize=4845 outsize=18445 ok=1
Cmd: compileComputeKernel
  api=18 insize=3396 outsize=12005 ok=1
Cmd: compileComputeKernel
  api=15 insize=18299 outsize=24333 ok=1
Cmd: compileComputeKernel
  api=18 insize=18299 outsize=34697 ok=1
Cmd: compileComputeKernel
  api=18 insize=2867 outsize=5665 ok=1
Cmd: initializeCompiler
Cmd: initializeCompiler
Cmd: initializeCompiler
Cmd: initializeCompiler
Cmd: initializeCompiler
Cmd: initializeCompiler
Cmd: initializeCompiler
Cmd: initializeCompiler
Cmd: initializeCompiler
Cmd: initializeCompiler
Cmd: initializeCompiler
Cmd: initializeCompiler
Cmd: initializeCompiler
Cmd: initializeCompiler
Cmd: initializeCompiler

Quitting shader compiler process
